<?xml version="1.0" encoding="UTF-8"?>
<!-- Generated by org.testng.reporters.JUnitReportReporter -->
<testsuite skipped="0" hostname="IBM412-R90K0JAR" name="testcases.HomePageTest" tests="3" failures="0" timestamp="12 Mar 2018 19:09:18 GMT" time="102.243" errors="0">
  <testcase name="verifyHomePageTitleTest" time="36.679" classname="testcases.HomePageTest"/>
  <testcase name="verifyUserNameTest" time="37.166" classname="testcases.HomePageTest"/>
  <testcase name="verifyContactsLinkTest" time="28.398" classname="testcases.HomePageTest"/>
</testsuite> <!-- testcases.HomePageTest -->
