<?xml version="1.0" encoding="UTF-8"?>
<!-- Generated by org.testng.reporters.JUnitReportReporter -->
<testsuite skipped="0" hostname="IBM412-R90K0JAR" name="testcases.HomePageTest" tests="3" failures="0" timestamp="19 Mar 2018 03:22:05 GMT" time="42.168" errors="0">
  <testcase name="verifyHomePageTitleTest" time="16.642" classname="testcases.HomePageTest"/>
  <testcase name="verifyUserNameTest" time="11.704" classname="testcases.HomePageTest"/>
  <testcase name="verifyContactsLinkTest" time="13.822" classname="testcases.HomePageTest"/>
</testsuite> <!-- testcases.HomePageTest -->
