<?xml version="1.0" encoding="UTF-8"?>
<!-- Generated by org.testng.reporters.JUnitReportReporter -->
<testsuite skipped="0" hostname="IBM412-R90K0JAR" name="testcases.LoginPageTest" tests="3" failures="0" timestamp="19 Mar 2018 03:17:30 GMT" time="25.058" errors="0">
  <testcase name="LoginPageTitle" time="4.894" classname="testcases.LoginPageTest"/>
  <testcase name="CRMLogoImgTest" time="6.292" classname="testcases.LoginPageTest"/>
  <testcase name="LoginTest" time="13.872" classname="testcases.LoginPageTest"/>
</testsuite> <!-- testcases.LoginPageTest -->
