<?xml version="1.0" encoding="UTF-8"?>
<!-- Generated by org.testng.reporters.JUnitReportReporter -->
<testsuite skipped="0" hostname="IBM412-R90K0JAR" name="testcases.ContactsPageTest" tests="10" failures="0" timestamp="16 Mar 2018 00:56:54 GMT" time="240.638" errors="0">
  <testcase name="verifyContactLabelTest" time="15.051" classname="testcases.ContactsPageTest"/>
  <testcase name="selectContactscheckboxbynameTest" time="17.284" classname="testcases.ContactsPageTest"/>
  <testcase name="validateNewContact" time="21.743" classname="testcases.ContactsPageTest"/>
  <testcase name="validateNewContact1" time="21.973" classname="testcases.ContactsPageTest"/>
  <testcase name="validateNewContact" time="23.372" classname="testcases.ContactsPageTest"/>
  <testcase name="validateNewContact" time="25.032" classname="testcases.ContactsPageTest"/>
  <testcase name="validateNewContact1" time="22.290" classname="testcases.ContactsPageTest"/>
  <testcase name="validateNewContact1" time="47.350" classname="testcases.ContactsPageTest"/>
  <testcase name="validateNewContact1" time="24.762" classname="testcases.ContactsPageTest"/>
  <testcase name="validateNewContact" time="21.781" classname="testcases.ContactsPageTest"/>
</testsuite> <!-- testcases.ContactsPageTest -->
