<?xml version="1.0" encoding="UTF-8"?>
<!-- Generated by org.testng.reporters.JUnitReportReporter -->
<testsuite skipped="0" hostname="IBM412-R90K0JAR" name="testcases.LoginPageTest" tests="3" failures="0" timestamp="12 Mar 2018 19:07:03 GMT" time="50.092" errors="0">
  <testcase name="LoginPageTitle" time="7.929" classname="testcases.LoginPageTest"/>
  <testcase name="CRMLogoImgTest" time="8.466" classname="testcases.LoginPageTest"/>
  <testcase name="LoginTest" time="33.697" classname="testcases.LoginPageTest"/>
</testsuite> <!-- testcases.LoginPageTest -->
